G:\FINAL\DEBUG\FINAL.EXE
G:\FINAL\DEBUG\FINAL.ILK
G:\FINAL\DEBUG\FINAL.PDB
G:\FINAL\FINAL\DEBUG\BALL.OBJ
G:\FINAL\FINAL\DEBUG\CAMERA.OBJ
G:\Final\Final\Debug\cl.command.1.tlog
G:\Final\Final\Debug\CL.read.1.tlog
G:\Final\Final\Debug\CL.write.1.tlog
G:\FINAL\FINAL\DEBUG\CLOTH.OBJ
G:\FINAL\FINAL\DEBUG\FINAL.EXE.INTERMEDIATE.MANIFEST
G:\Final\Final\Debug\link.command.1.tlog
G:\Final\Final\Debug\link.read.1.tlog
G:\Final\Final\Debug\link.write.1.tlog
G:\FINAL\FINAL\DEBUG\MAIN.OBJ
G:\FINAL\FINAL\DEBUG\MASSPOINT.OBJ
G:\Final\Final\Debug\mt.command.1.tlog
G:\Final\Final\Debug\mt.read.1.tlog
G:\Final\Final\Debug\mt.write.1.tlog
G:\FINAL\FINAL\DEBUG\PARTICLES.OBJ
G:\FINAL\FINAL\DEBUG\SPRINGS.OBJ
G:\FINAL\FINAL\DEBUG\TEAPOT.OBJ
G:\FINAL\FINAL\DEBUG\V_RANDOMIZER.OBJ
G:\Final\Final\Debug\vc100.idb
G:\FINAL\FINAL\DEBUG\VC100.PDB
G:\FINAL\FINAL\DEBUG\VECTOR.OBJ
